<?xml version="1.0" encoding="UTF-8"?>
<!-- Generated by org.testng.reporters.JUnitReportReporter -->
<testsuite hostname="DESKTOP-7C8VEP8" failures="0" tests="1" name="automationbootcampproject.com.makemytrip.pages.SearchTest" time="19.506" errors="0" timestamp="2022-02-28T04:09:46 EET" skipped="0">
  <testcase classname="automationbootcampproject.com.makemytrip.pages.SearchTest" name="SearchWithDataProvider" time="19.506"/>
  <system-out/>
</testsuite> <!-- automationbootcampproject.com.makemytrip.pages.SearchTest -->
